\BOOKMARK [1][-]{section.1}{\376\377\136\217\212\000}{}% 1
\BOOKMARK [2][-]{section*.1}{\376\377\0001\000.\0001\000\040\000\040\173\054\0005\162\110}{section.1}% 2
\BOOKMARK [2][-]{section*.1}{\376\377\0001\000.\0002\000\040\000\040\173\054\0002\162\110}{section.1}% 3
\BOOKMARK [1][-]{section.2}{\376\377\150\041\121\205}{}% 4
\BOOKMARK [2][-]{section*.2}{\376\377\0002\000.\0001\000\040\000\040\127\372\147\054\117\031}{section.2}% 5
\BOOKMARK [2][-]{section*.2}{\376\377\0002\000.\0002\000\040\000\040\230\316\124\163\172\227\123\343}{section.2}% 6
\BOOKMARK [2][-]{figure.caption.5}{\376\377\0002\000.\0003\000\040\000\040\146\172\220\011}{section.2}% 7
\BOOKMARK [2][-]{figure.caption.5}{\376\377\0002\000.\0004\000\040\000\040\171\276\202\321}{section.2}% 8
\BOOKMARK [2][-]{figure.caption.5}{\376\377\0002\000.\0005\000\040\000\040\000K\000F\000C}{section.2}% 9
\BOOKMARK [2][-]{figure.caption.5}{\376\377\0002\000.\0006\000\040\000\040\145\260\165\206\231\020\123\205}{section.2}% 10
\BOOKMARK [2][-]{figure.caption.5}{\376\377\0002\000.\0007\000\040\000\040\177\340\133\253}{section.2}% 11
\BOOKMARK [2][-]{figure.caption.6}{\376\377\0002\000.\0008\000\040\000\040\167\363\131\047\131\034\136\002}{section.2}% 12
\BOOKMARK [2][-]{figure.caption.6}{\376\377\0002\000.\0009\000\040\000\040\155\246\147\160\230\337\130\002}{section.2}% 13
\BOOKMARK [1][-]{section.3}{\376\377\150\041\131\026}{}% 14
\BOOKMARK [2][-]{section*.7}{\376\377\0003\000.\0001\000\040\000\040\123\127\150\041\126\355\225\370\147\072\123\343\116\000\147\141\210\127}{section.3}% 15
\BOOKMARK [3][-]{section*.7}{\376\377\0003\000.\0001\000.\0001\000\040\000\040\232\330\123\237\142\311\227\142\163\213}{section.3}% 16
\BOOKMARK [3][-]{figure.caption.8}{\376\377\0003\000.\0001\000.\0002\000\040\000\040\123\116\203\261\130\353}{section.3}% 17
\BOOKMARK [3][-]{figure.caption.9}{\376\377\0003\000.\0001\000.\0003\000\040\000\040\167\363\225\005\234\174}{section.3}% 18
\BOOKMARK [3][-]{figure.caption.10}{\376\377\0003\000.\0001\000.\0004\000\040\000\040\200\001\146\371\133\266\161\116\231\174}{section.3}% 19
\BOOKMARK [3][-]{figure.caption.11}{\376\377\0003\000.\0001\000.\0005\000\040\000\040\154\064\204\035\123\134}{section.3}% 20
\BOOKMARK [2][-]{figure.caption.12}{\376\377\0003\000.\0002\000\040\000\040\156\005\171\300\126\355\134\017\123\072\121\205}{section.3}% 21
\BOOKMARK [3][-]{section*.13}{\376\377\0003\000.\0002\000.\0001\000\040\000\040\135\335\203\334\231\206}{figure.caption.12}% 22
\BOOKMARK [3][-]{figure.caption.14}{\376\377\0003\000.\0002\000.\0002\000\040\000\040\160\347\231\174\136\227}{figure.caption.12}% 23
\BOOKMARK [3][-]{figure.caption.15}{\376\377\0003\000.\0002\000.\0003\000\040\000\040\125\144\221\122\215\205\136\002}{figure.caption.12}% 24
\BOOKMARK [3][-]{figure.caption.16}{\376\377\0003\000.\0002\000.\0004\000\040\000\040\170\002\225\005\162\133\200\211\227\142}{figure.caption.12}% 25
\BOOKMARK [3][-]{figure.caption.17}{\376\377\0003\000.\0002\000.\0005\000\040\000\040\134\035\122\060\133\266\134\035}{figure.caption.12}% 26
\BOOKMARK [2][-]{figure.caption.18}{\376\377\0003\000.\0003\000\040\000\040\155\246\147\160\225\350\123\343\116\000\147\141\210\127}{section.3}% 27
\BOOKMARK [3][-]{section*.19}{\376\377\0003\000.\0003\000.\0001\000\040\000\040\135\335\156\035\134\017\123\250}{figure.caption.18}% 28
\BOOKMARK [3][-]{figure.caption.20}{\376\377\0003\000.\0003\000.\0002\000\040\000\040\124\310\134\024\156\350\236\273\217\243\160\353}{figure.caption.18}% 29
\BOOKMARK [2][-]{figure.caption.21}{\376\377\0003\000.\0004\000\040\000\040\226\063\121\111\125\106\123\246\116\000\147\141\210\127}{section.3}% 30
\BOOKMARK [3][-]{section*.22}{\376\377\0003\000.\0004\000.\0001\000\040\000\040\131\175\117\046\124\345}{figure.caption.21}% 31
\BOOKMARK [3][-]{figure.caption.23}{\376\377\0003\000.\0004\000.\0002\000\040\000\040\127\060\116\013\215\205\136\002}{figure.caption.21}% 32
\BOOKMARK [3][-]{figure.caption.24}{\376\377\0003\000.\0004\000.\0003\000\040\000\040\217\276\177\216\116\120}{figure.caption.21}% 33
\BOOKMARK [3][-]{figure.caption.25}{\376\377\0003\000.\0004\000.\0004\000\040\000\040\236\246\137\123\122\263}{figure.caption.21}% 34
\BOOKMARK [3][-]{figure.caption.26}{\376\377\0003\000.\0004\000.\0005\000\040\000\040\154\111\130\041\163\213}{figure.caption.21}% 35
\BOOKMARK [3][-]{figure.caption.27}{\376\377\0003\000.\0004\000.\0006\000\040\000\040\123\103\123\366\133\377\123\370}{figure.caption.21}% 36
\BOOKMARK [3][-]{figure.caption.28}{\376\377\0003\000.\0004\000.\0007\000\040\000\040\116\221\116\011\124\332}{figure.caption.21}% 37
\BOOKMARK [3][-]{figure.caption.29}{\376\377\0003\000.\0004\000.\0008\000\040\000\040\206\176\124\003\206\176\155\256\000/\163\213\132\106\131\047\206\176}{figure.caption.21}% 38
\BOOKMARK [2][-]{figure.caption.30}{\376\377\0003\000.\0005\000\040\000\040\116\034\150\041\123\072\116\000\147\141\210\127}{section.3}% 39
\BOOKMARK [3][-]{section*.31}{\376\377\0003\000.\0005\000.\0001\000\040\000\040\207\272\162\356\174\211}{figure.caption.30}% 40
\BOOKMARK [3][-]{figure.caption.32}{\376\377\0003\000.\0005\000.\0002\000\040\000\040\147\177\227\142}{figure.caption.30}% 41
\BOOKMARK [3][-]{figure.caption.33}{\376\377\0003\000.\0005\000.\0003\000\040\000\040\146\113\131\047\170\227\000/\116\272\116\113\122\035\142\311\227\142}{figure.caption.30}% 42
\BOOKMARK [3][-]{figure.caption.34}{\376\377\0003\000.\0005\000.\0004\000\040\000\040\116\254\116\034\200\211\231\174}{figure.caption.30}% 43
\BOOKMARK [3][-]{figure.caption.35}{\376\377\0003\000.\0005\000.\0005\000\040\000\040\153\265\213\260\200\211\131\071\231\215}{figure.caption.30}% 44
\BOOKMARK [3][-]{figure.caption.36}{\376\377\0003\000.\0005\000.\0006\000\040\000\040\232\164\200\211\160\153\160\347}{figure.caption.30}% 45
\BOOKMARK [2][-]{figure.caption.37}{\376\377\0003\000.\0006\000\040\000\040\140\246\203\137}{section.3}% 46
\BOOKMARK [3][-]{figure.caption.38}{\376\377\0003\000.\0006\000.\0001\000\040\000\040\204\050\203\211\116\232}{figure.caption.37}% 47
\BOOKMARK [3][-]{figure.caption.38}{\376\377\0003\000.\0006\000.\0002\000\040\000\040\161\212\125\265\147\145\116\206}{figure.caption.37}% 48
\BOOKMARK [3][-]{figure.caption.38}{\376\377\0003\000.\0006\000.\0003\000\040\000\040\200\326\124\345\117\351\200\211\207\371\161\162}{figure.caption.37}% 49
\BOOKMARK [3][-]{figure.caption.38}{\376\377\0003\000.\0006\000.\0004\000\040\000\040\116\331\226\220\134\017\236\177}{figure.caption.37}% 50
\BOOKMARK [3][-]{figure.caption.38}{\376\377\0003\000.\0006\000.\0005\000\040\000\040\176\377\203\066}{figure.caption.37}% 51
\BOOKMARK [3][-]{figure.caption.38}{\376\377\0003\000.\0006\000.\0006\000\040\000\040\145\207\220\032\121\260\133\244}{figure.caption.37}% 52
\BOOKMARK [3][-]{figure.caption.38}{\376\377\0003\000.\0006\000.\0007\000\040\000\040\145\207\172\313\145\260\236\273\217\243\160\353}{figure.caption.37}% 53
\BOOKMARK [2][-]{figure.caption.38}{\376\377\0003\000.\0007\000\040\000\040\145\077\154\325\116\034\117\247\116\000\147\141\210\127}{section.3}% 54
\BOOKMARK [3][-]{section*.39}{\376\377\0003\000.\0007\000.\0001\000\040\000\040\134\161\204\165\147\121}{figure.caption.38}% 55
\BOOKMARK [3][-]{figure.caption.40}{\376\377\0003\000.\0007\000.\0002\000\040\000\040\227\351\126\375\200\211\121\110\165\037}{figure.caption.38}% 56
\BOOKMARK [3][-]{figure.caption.41}{\376\377\0003\000.\0007\000.\0003\000\040\000\040\207\272\200\001\131\047\207\272\206\363\174\211}{figure.caption.38}% 57
\BOOKMARK [3][-]{figure.caption.42}{\376\377\0003\000.\0007\000.\0004\000\040\000\040\207\000\126\355}{figure.caption.38}% 58
\BOOKMARK [3][-]{figure.caption.43}{\376\377\0003\000.\0007\000.\0005\000\040\000\040\125\265\000l\000a\000d\000y}{figure.caption.38}% 59
\BOOKMARK [3][-]{figure.caption.44}{\376\377\0003\000.\0007\000.\0006\000\040\000\040\225\046\135\336\200\326\133\120\160\347\160\344\000/\147\176\123\237\134\017\122\030\160\347\160\344}{figure.caption.38}% 60
\BOOKMARK [3][-]{figure.caption.45}{\376\377\0003\000.\0007\000.\0007\000\040\000\040\163\213\147\227\116\062\116\062\231\231}{figure.caption.38}% 61
\BOOKMARK [2][-]{figure.caption.46}{\376\377\0003\000.\0008\000\040\000\040\146\364\217\334}{section.3}% 62
\BOOKMARK [3][-]{section*.47}{\376\377\0003\000.\0008\000.\0001\000\040\000\040\146\113\154\070\117\341\122\000\122\112\227\142}{figure.caption.46}% 63
\BOOKMARK [3][-]{figure.caption.48}{\376\377\0003\000.\0008\000.\0002\000\040\000\040\160\344\231\225}{figure.caption.46}% 64
\BOOKMARK [3][-]{figure.caption.49}{\376\377\0003\000.\0008\000.\0003\000\040\000\040\131\334\200\326\200\326\231\226\134\024\201\352\122\251\160\344\200\211}{figure.caption.46}% 65
\BOOKMARK [3][-]{figure.caption.50}{\376\377\0003\000.\0008\000.\0004\000\040\000\040\135\346\116\255\123\363\226\142\160\153\225\005\236\041}{figure.caption.46}% 66
\BOOKMARK [3][-]{figure.caption.51}{\376\377\0003\000.\0008\000.\0005\000\040\000\040\225\046\135\336\160\347\160\344\000\050\133\211\171\217\131\047\210\127\136\227\000\051}{figure.caption.46}% 67
\BOOKMARK [3][-]{figure.caption.52}{\376\377\0003\000.\0008\000.\0006\000\040\000\040\134\017\131\051\127\060\170\002\225\005\162\133}{figure.caption.46}% 68
\BOOKMARK [3][-]{figure.caption.53}{\376\377\0003\000.\0008\000.\0007\000\040\000\040\146\014\230\172\232\154\213\260\134\017\124\003}{figure.caption.46}% 69
\BOOKMARK [3][-]{figure.caption.54}{\376\377\0003\000.\0008\000.\0008\000\040\000\040\220\271\116\011\131\320\160\153\225\005}{figure.caption.46}% 70
\BOOKMARK [3][-]{figure.caption.55}{\376\377\0003\000.\0008\000.\0009\000\040\000\040\237\120\237\120\124\310\134\024\201\373\121\104\137\037\160\344\200\211}{figure.caption.46}% 71
\BOOKMARK [3][-]{figure.caption.56}{\376\377\0003\000.\0008\000.\0001\0000\000\040\000\040\134\161\154\263\134\157\224\301\225\005\160\226}{figure.caption.46}% 72
\BOOKMARK [3][-]{figure.caption.57}{\376\377\0003\000.\0008\000.\0001\0001\000\040\000\040\142\020\116\007\133\314\135\353\134\161\160\344\121\150\234\174}{figure.caption.46}% 73
\BOOKMARK [3][-]{figure.caption.58}{\376\377\0003\000.\0008\000.\0001\0002\000\040\000\040\137\155\131\321\132\030\123\360\156\176\217\146\217\156\231\174\172\340\234\174\160\347}{figure.caption.46}% 74
\BOOKMARK [1][-]{appendix.A}{\376\377\236\043\214\042}{}% 75
\BOOKMARK [1][-]{appendix.B}{\376\377\146\364\145\260\145\345\137\327}{}% 76
